{"C:\\Users\\sikha\\Desktop\\test-7\\frontend\\src\\App.tsx": {"path":"C:\\Users\\sikha\\Desktop\\test-7\\frontend\\src\\App.tsx","statementMap":{"0":{"start":{"line":1,"column":0},"end":{"line":1,"column":39}},"1":{"start":{"line":2,"column":0},"end":{"line":2,"column":38}},"2":{"start":{"line":3,"column":0},"end":{"line":3,"column":20}},"3":{"start":{"line":4,"column":0},"end":{"line":4,"column":38}},"4":{"start":{"line":5,"column":0},"end":{"line":5,"column":47}},"5":{"start":{"line":6,"column":0},"end":{"line":6,"column":57}},"6":{"start":{"line":14,"column":28},"end":{"line":26,"column":4}},"7":{"start":{"line":14,"column":14},"end":{"line":14,"column":16}},"8":{"start":{"line":14,"column":24},"end":{"line":14,"column":28}},"9":{"start":{"line":28,"column":32},"end":{"line":28,"column":52}},"10":{"start":{"line":28,"column":16},"end":{"line":28,"column":18}},"11":{"start":{"line":28,"column":28},"end":{"line":28,"column":32}},"12":{"start":{"line":29,"column":42},"end":{"line":29,"column":82}},"13":{"start":{"line":29,"column":21},"end":{"line":29,"column":23}},"14":{"start":{"line":29,"column":38},"end":{"line":29,"column":42}},"15":{"start":{"line":30,"column":38},"end":{"line":30,"column":58}},"16":{"start":{"line":30,"column":19},"end":{"line":30,"column":21}},"17":{"start":{"line":30,"column":34},"end":{"line":30,"column":38}},"18":{"start":{"line":32,"column":18},"end":{"line":49,"column":3}},"19":{"start":{"line":33,"column":6},"end":{"line":36,"column":7}},"20":{"start":{"line":34,"column":10},"end":{"line":34,"column":null}},"21":{"start":{"line":35,"column":10},"end":{"line":35,"column":16}},"22":{"start":{"line":37,"column":6},"end":{"line":40,"column":7}},"23":{"start":{"line":38,"column":10},"end":{"line":38,"column":null}},"24":{"start":{"line":39,"column":10},"end":{"line":39,"column":16}},"25":{"start":{"line":41,"column":6},"end":{"line":44,"column":7}},"26":{"start":{"line":41,"column":29},"end":{"line":41,"column":79}},"27":{"start":{"line":42,"column":10},"end":{"line":42,"column":null}},"28":{"start":{"line":43,"column":10},"end":{"line":43,"column":16}},"29":{"start":{"line":45,"column":28},"end":{"line":45,"column":65}},"30":{"start":{"line":46,"column":6},"end":{"line":46,"column":null}},"31":{"start":{"line":47,"column":6},"end":{"line":47,"column":null}},"32":{"start":{"line":48,"column":6},"end":{"line":48,"column":null}},"33":{"start":{"line":51,"column":21},"end":{"line":54,"column":3}},"34":{"start":{"line":52,"column":6},"end":{"line":52,"column":52}},"35":{"start":{"line":52,"column":38},"end":{"line":52,"column":50}},"36":{"start":{"line":53,"column":6},"end":{"line":53,"column":37}},"37":{"start":{"line":56,"column":19},"end":{"line":70,"column":3}},"38":{"start":{"line":57,"column":19},"end":{"line":57,"column":31}},"39":{"start":{"line":58,"column":6},"end":{"line":58,"column":52}},"40":{"start":{"line":58,"column":38},"end":{"line":58,"column":50}},"41":{"start":{"line":59,"column":6},"end":{"line":59,"column":43}},"42":{"start":{"line":61,"column":6},"end":{"line":69,"column":15}},"43":{"start":{"line":62,"column":10},"end":{"line":68,"column":13}},"44":{"start":{"line":63,"column":14},"end":{"line":66,"column":15}},"45":{"start":{"line":63,"column":50},"end":{"line":63,"column":82}},"46":{"start":{"line":64,"column":18},"end":{"line":64,"column":94}},"47":{"start":{"line":64,"column":52},"end":{"line":64,"column":93}},"48":{"start":{"line":64,"column":84},"end":{"line":64,"column":92}},"49":{"start":{"line":65,"column":18},"end":{"line":65,"column":46}},"50":{"start":{"line":67,"column":14},"end":{"line":67,"column":31}},"51":{"start":{"line":72,"column":24},"end":{"line":77,"column":3}},"52":{"start":{"line":73,"column":6},"end":{"line":76,"column":7}},"53":{"start":{"line":74,"column":10},"end":{"line":74,"column":46}},"54":{"start":{"line":75,"column":10},"end":{"line":75,"column":45}},"55":{"start":{"line":79,"column":27},"end":{"line":82,"column":3}},"56":{"start":{"line":80,"column":6},"end":{"line":80,"column":92}},"57":{"start":{"line":80,"column":30},"end":{"line":80,"column":90}},"58":{"start":{"line":80,"column":69},"end":{"line":80,"column":89}},"59":{"start":{"line":81,"column":6},"end":{"line":81,"column":91}},"60":{"start":{"line":81,"column":40},"end":{"line":81,"column":90}},"61":{"start":{"line":81,"column":70},"end":{"line":81,"column":89}},"62":{"start":{"line":85,"column":2},"end":{"line":100,"column":null}},"63":{"start":{"line":103,"column":0},"end":{"line":103,"column":null}}},"fnMap":{"0":{"name":"App","decl":{"start":{"line":12,"column":9},"end":{"line":12,"column":12}},"loc":{"start":{"line":12,"column":12},"end":{"line":101,"column":1}}},"1":{"name":"(anonymous_3)","decl":{"start":{"line":32,"column":18},"end":{"line":32,"column":null}},"loc":{"start":{"line":32,"column":18},"end":{"line":49,"column":3}}},"2":{"name":"(anonymous_4)","decl":{"start":{"line":41,"column":21},"end":{"line":41,"column":25}},"loc":{"start":{"line":41,"column":25},"end":{"line":41,"column":33}}},"3":{"name":"(anonymous_5)","decl":{"start":{"line":51,"column":21},"end":{"line":51,"column":22}},"loc":{"start":{"line":51,"column":35},"end":{"line":54,"column":3}}},"4":{"name":"(anonymous_6)","decl":{"start":{"line":52,"column":28},"end":{"line":52,"column":29}},"loc":{"start":{"line":52,"column":33},"end":{"line":52,"column":39}}},"5":{"name":"(anonymous_7)","decl":{"start":{"line":56,"column":19},"end":{"line":56,"column":20}},"loc":{"start":{"line":56,"column":33},"end":{"line":70,"column":3}}},"6":{"name":"(anonymous_8)","decl":{"start":{"line":58,"column":28},"end":{"line":58,"column":29}},"loc":{"start":{"line":58,"column":33},"end":{"line":58,"column":39}}},"7":{"name":"(anonymous_9)","decl":{"start":{"line":61,"column":17},"end":{"line":61,"column":null}},"loc":{"start":{"line":61,"column":17},"end":{"line":69,"column":7}}},"8":{"name":"(anonymous_10)","decl":{"start":{"line":62,"column":19},"end":{"line":62,"column":20}},"loc":{"start":{"line":62,"column":29},"end":{"line":68,"column":11}}},"9":{"name":"(anonymous_11)","decl":{"start":{"line":63,"column":34},"end":{"line":63,"column":46}},"loc":{"start":{"line":63,"column":46},"end":{"line":63,"column":62}}},"10":{"name":"(anonymous_12)","decl":{"start":{"line":64,"column":32},"end":{"line":64,"column":33}},"loc":{"start":{"line":64,"column":47},"end":{"line":64,"column":66}}},"11":{"name":"(anonymous_13)","decl":{"start":{"line":64,"column":74},"end":{"line":64,"column":75}},"loc":{"start":{"line":64,"column":79},"end":{"line":64,"column":85}}},"12":{"name":"(anonymous_14)","decl":{"start":{"line":72,"column":24},"end":{"line":72,"column":null}},"loc":{"start":{"line":72,"column":24},"end":{"line":77,"column":3}}},"13":{"name":"(anonymous_15)","decl":{"start":{"line":79,"column":27},"end":{"line":79,"column":28}},"loc":{"start":{"line":79,"column":40},"end":{"line":82,"column":3}}},"14":{"name":"(anonymous_16)","decl":{"start":{"line":80,"column":15},"end":{"line":80,"column":16}},"loc":{"start":{"line":80,"column":25},"end":{"line":80,"column":34}}},"15":{"name":"(anonymous_17)","decl":{"start":{"line":80,"column":61},"end":{"line":80,"column":65}},"loc":{"start":{"line":80,"column":65},"end":{"line":80,"column":73}}},"16":{"name":"(anonymous_18)","decl":{"start":{"line":81,"column":20},"end":{"line":81,"column":21}},"loc":{"start":{"line":81,"column":35},"end":{"line":81,"column":54}}},"17":{"name":"(anonymous_19)","decl":{"start":{"line":81,"column":62},"end":{"line":81,"column":66}},"loc":{"start":{"line":81,"column":66},"end":{"line":81,"column":74}}}},"branchMap":{"0":{"loc":{"start":{"line":33,"column":6},"end":{"line":36,"column":7}},"type":"if","locations":[{"start":{"line":33,"column":6},"end":{"line":36,"column":7}}]},"1":{"loc":{"start":{"line":37,"column":6},"end":{"line":40,"column":7}},"type":"if","locations":[{"start":{"line":37,"column":6},"end":{"line":40,"column":7}}]},"2":{"loc":{"start":{"line":41,"column":6},"end":{"line":44,"column":7}},"type":"if","locations":[{"start":{"line":41,"column":6},"end":{"line":44,"column":7}}]},"3":{"loc":{"start":{"line":63,"column":14},"end":{"line":66,"column":15}},"type":"if","locations":[{"start":{"line":63,"column":14},"end":{"line":66,"column":15}}]},"4":{"loc":{"start":{"line":73,"column":6},"end":{"line":76,"column":7}},"type":"if","locations":[{"start":{"line":73,"column":6},"end":{"line":76,"column":7}}]}},"s":{"0":0,"1":0,"2":0,"3":0,"4":0,"5":0,"6":0,"7":0,"8":0,"9":0,"10":0,"11":0,"12":0,"13":0,"14":0,"15":0,"16":0,"17":0,"18":0,"19":0,"20":0,"21":0,"22":0,"23":0,"24":0,"25":0,"26":0,"27":0,"28":0,"29":0,"30":0,"31":0,"32":0,"33":0,"34":0,"35":0,"36":0,"37":0,"38":0,"39":0,"40":0,"41":0,"42":0,"43":0,"44":0,"45":0,"46":0,"47":0,"48":0,"49":0,"50":0,"51":0,"52":0,"53":0,"54":0,"55":0,"56":0,"57":0,"58":0,"59":0,"60":0,"61":0,"62":0,"63":0},"f":{"0":0,"1":0,"2":0,"3":0,"4":0,"5":0,"6":0,"7":0,"8":0,"9":0,"10":0,"11":0,"12":0,"13":0,"14":0,"15":0,"16":0,"17":0},"b":{"0":[0],"1":[0],"2":[0],"3":[0],"4":[0]}}
,"C:\\Users\\sikha\\Desktop\\test-7\\frontend\\src\\components\\Title.tsx": {"path":"C:\\Users\\sikha\\Desktop\\test-7\\frontend\\src\\components\\Title.tsx","statementMap":{"0":{"start":{"line":7,"column":14},"end":{"line":14,"column":1}},"1":{"start":{"line":7,"column":22},"end":{"line":7,"column":24}},"2":{"start":{"line":7,"column":29},"end":{"line":7,"column":43}},"3":{"start":{"line":8,"column":4},"end":{"line":13,"column":null}},"4":{"start":{"line":16,"column":0},"end":{"line":16,"column":null}}},"fnMap":{"0":{"name":"(anonymous_0)","decl":{"start":{"line":7,"column":14},"end":{"line":7,"column":15}},"loc":{"start":{"line":7,"column":43},"end":{"line":14,"column":1}}}},"branchMap":{},"s":{"0":1,"1":1,"2":1,"3":1,"4":1},"f":{"0":1},"b":{}}
,"C:\\Users\\sikha\\Desktop\\test-7\\frontend\\src\\pages\\AutoTodoList.tsx": {"path":"C:\\Users\\sikha\\Desktop\\test-7\\frontend\\src\\pages\\AutoTodoList.tsx","statementMap":{"0":{"start":{"line":1,"column":0},"end":{"line":1,"column":32}},"1":{"start":{"line":2,"column":0},"end":{"line":2,"column":64}},"2":{"start":{"line":3,"column":0},"end":{"line":3,"column":60}},"3":{"start":{"line":4,"column":0},"end":{"line":4,"column":38}},"4":{"start":{"line":13,"column":30},"end":{"line":25,"column":6}},"5":{"start":{"line":13,"column":16},"end":{"line":13,"column":18}},"6":{"start":{"line":13,"column":26},"end":{"line":13,"column":30}},"7":{"start":{"line":27,"column":34},"end":{"line":27,"column":54}},"8":{"start":{"line":27,"column":18},"end":{"line":27,"column":20}},"9":{"start":{"line":27,"column":30},"end":{"line":27,"column":34}},"10":{"start":{"line":28,"column":44},"end":{"line":28,"column":84}},"11":{"start":{"line":28,"column":23},"end":{"line":28,"column":25}},"12":{"start":{"line":28,"column":40},"end":{"line":28,"column":44}},"13":{"start":{"line":29,"column":40},"end":{"line":29,"column":60}},"14":{"start":{"line":29,"column":21},"end":{"line":29,"column":23}},"15":{"start":{"line":29,"column":36},"end":{"line":29,"column":40}},"16":{"start":{"line":31,"column":20},"end":{"line":49,"column":5}},"17":{"start":{"line":32,"column":8},"end":{"line":35,"column":9}},"18":{"start":{"line":33,"column":12},"end":{"line":33,"column":null}},"19":{"start":{"line":34,"column":12},"end":{"line":34,"column":18}},"20":{"start":{"line":36,"column":8},"end":{"line":39,"column":9}},"21":{"start":{"line":37,"column":12},"end":{"line":37,"column":null}},"22":{"start":{"line":38,"column":12},"end":{"line":38,"column":18}},"23":{"start":{"line":40,"column":8},"end":{"line":43,"column":9}},"24":{"start":{"line":40,"column":31},"end":{"line":40,"column":81}},"25":{"start":{"line":41,"column":12},"end":{"line":41,"column":null}},"26":{"start":{"line":42,"column":12},"end":{"line":42,"column":18}},"27":{"start":{"line":45,"column":30},"end":{"line":45,"column":67}},"28":{"start":{"line":46,"column":8},"end":{"line":46,"column":null}},"29":{"start":{"line":47,"column":8},"end":{"line":47,"column":null}},"30":{"start":{"line":48,"column":8},"end":{"line":48,"column":null}},"31":{"start":{"line":51,"column":23},"end":{"line":54,"column":5}},"32":{"start":{"line":52,"column":8},"end":{"line":52,"column":54}},"33":{"start":{"line":52,"column":40},"end":{"line":52,"column":52}},"34":{"start":{"line":53,"column":8},"end":{"line":53,"column":39}},"35":{"start":{"line":56,"column":21},"end":{"line":70,"column":5}},"36":{"start":{"line":57,"column":21},"end":{"line":57,"column":33}},"37":{"start":{"line":58,"column":8},"end":{"line":58,"column":54}},"38":{"start":{"line":58,"column":40},"end":{"line":58,"column":52}},"39":{"start":{"line":59,"column":8},"end":{"line":59,"column":45}},"40":{"start":{"line":61,"column":8},"end":{"line":69,"column":17}},"41":{"start":{"line":62,"column":12},"end":{"line":68,"column":15}},"42":{"start":{"line":63,"column":16},"end":{"line":66,"column":17}},"43":{"start":{"line":63,"column":52},"end":{"line":63,"column":84}},"44":{"start":{"line":64,"column":20},"end":{"line":64,"column":96}},"45":{"start":{"line":64,"column":54},"end":{"line":64,"column":95}},"46":{"start":{"line":64,"column":86},"end":{"line":64,"column":94}},"47":{"start":{"line":65,"column":20},"end":{"line":65,"column":48}},"48":{"start":{"line":67,"column":16},"end":{"line":67,"column":33}},"49":{"start":{"line":72,"column":26},"end":{"line":77,"column":5}},"50":{"start":{"line":73,"column":8},"end":{"line":76,"column":9}},"51":{"start":{"line":74,"column":12},"end":{"line":74,"column":48}},"52":{"start":{"line":75,"column":12},"end":{"line":75,"column":47}},"53":{"start":{"line":79,"column":29},"end":{"line":82,"column":5}},"54":{"start":{"line":80,"column":8},"end":{"line":80,"column":94}},"55":{"start":{"line":80,"column":32},"end":{"line":80,"column":92}},"56":{"start":{"line":80,"column":71},"end":{"line":80,"column":91}},"57":{"start":{"line":81,"column":8},"end":{"line":81,"column":93}},"58":{"start":{"line":81,"column":42},"end":{"line":81,"column":92}},"59":{"start":{"line":81,"column":72},"end":{"line":81,"column":91}},"60":{"start":{"line":85,"column":4},"end":{"line":168,"column":null}},"61":{"start":{"line":94,"column":37},"end":{"line":94,"column":null}},"62":{"start":{"line":102,"column":39},"end":{"line":102,"column":null}},"63":{"start":{"line":111,"column":39},"end":{"line":111,"column":null}},"64":{"start":{"line":116,"column":39},"end":{"line":116,"column":50}},"65":{"start":{"line":121,"column":48},"end":{"line":130,"column":22}},"66":{"start":{"line":123,"column":51},"end":{"line":123,"column":68}},"67":{"start":{"line":126,"column":46},"end":{"line":126,"column":65}},"68":{"start":{"line":136,"column":47},"end":{"line":136,"column":73}},"69":{"start":{"line":136,"column":95},"end":{"line":147,"column":22}},"70":{"start":{"line":140,"column":32},"end":{"line":140,"column":52}},"71":{"start":{"line":141,"column":32},"end":{"line":141,"column":60}},"72":{"start":{"line":153,"column":47},"end":{"line":153,"column":69}},"73":{"start":{"line":153,"column":91},"end":{"line":164,"column":22}},"74":{"start":{"line":157,"column":32},"end":{"line":157,"column":52}},"75":{"start":{"line":158,"column":32},"end":{"line":158,"column":60}},"76":{"start":{"line":171,"column":0},"end":{"line":171,"column":null}}},"fnMap":{"0":{"name":"AutoTodoList","decl":{"start":{"line":11,"column":9},"end":{"line":11,"column":21}},"loc":{"start":{"line":11,"column":21},"end":{"line":169,"column":1}}},"1":{"name":"(anonymous_2)","decl":{"start":{"line":31,"column":20},"end":{"line":31,"column":null}},"loc":{"start":{"line":31,"column":20},"end":{"line":49,"column":5}}},"2":{"name":"(anonymous_3)","decl":{"start":{"line":40,"column":23},"end":{"line":40,"column":27}},"loc":{"start":{"line":40,"column":27},"end":{"line":40,"column":35}}},"3":{"name":"(anonymous_4)","decl":{"start":{"line":51,"column":23},"end":{"line":51,"column":24}},"loc":{"start":{"line":51,"column":37},"end":{"line":54,"column":5}}},"4":{"name":"(anonymous_5)","decl":{"start":{"line":52,"column":30},"end":{"line":52,"column":31}},"loc":{"start":{"line":52,"column":35},"end":{"line":52,"column":41}}},"5":{"name":"(anonymous_6)","decl":{"start":{"line":56,"column":21},"end":{"line":56,"column":22}},"loc":{"start":{"line":56,"column":35},"end":{"line":70,"column":5}}},"6":{"name":"(anonymous_7)","decl":{"start":{"line":58,"column":30},"end":{"line":58,"column":31}},"loc":{"start":{"line":58,"column":35},"end":{"line":58,"column":41}}},"7":{"name":"(anonymous_8)","decl":{"start":{"line":61,"column":19},"end":{"line":61,"column":null}},"loc":{"start":{"line":61,"column":19},"end":{"line":69,"column":9}}},"8":{"name":"(anonymous_9)","decl":{"start":{"line":62,"column":21},"end":{"line":62,"column":22}},"loc":{"start":{"line":62,"column":31},"end":{"line":68,"column":13}}},"9":{"name":"(anonymous_10)","decl":{"start":{"line":63,"column":36},"end":{"line":63,"column":48}},"loc":{"start":{"line":63,"column":48},"end":{"line":63,"column":64}}},"10":{"name":"(anonymous_11)","decl":{"start":{"line":64,"column":34},"end":{"line":64,"column":35}},"loc":{"start":{"line":64,"column":49},"end":{"line":64,"column":68}}},"11":{"name":"(anonymous_12)","decl":{"start":{"line":64,"column":76},"end":{"line":64,"column":77}},"loc":{"start":{"line":64,"column":81},"end":{"line":64,"column":87}}},"12":{"name":"(anonymous_13)","decl":{"start":{"line":72,"column":26},"end":{"line":72,"column":null}},"loc":{"start":{"line":72,"column":26},"end":{"line":77,"column":5}}},"13":{"name":"(anonymous_14)","decl":{"start":{"line":79,"column":29},"end":{"line":79,"column":30}},"loc":{"start":{"line":79,"column":42},"end":{"line":82,"column":5}}},"14":{"name":"(anonymous_15)","decl":{"start":{"line":80,"column":17},"end":{"line":80,"column":18}},"loc":{"start":{"line":80,"column":27},"end":{"line":80,"column":36}}},"15":{"name":"(anonymous_16)","decl":{"start":{"line":80,"column":63},"end":{"line":80,"column":67}},"loc":{"start":{"line":80,"column":67},"end":{"line":80,"column":75}}},"16":{"name":"(anonymous_17)","decl":{"start":{"line":81,"column":22},"end":{"line":81,"column":23}},"loc":{"start":{"line":81,"column":37},"end":{"line":81,"column":56}}},"17":{"name":"(anonymous_18)","decl":{"start":{"line":81,"column":64},"end":{"line":81,"column":68}},"loc":{"start":{"line":81,"column":68},"end":{"line":81,"column":76}}},"18":{"name":"(anonymous_19)","decl":{"start":{"line":94,"column":30},"end":{"line":94,"column":31}},"loc":{"start":{"line":94,"column":32},"end":{"line":94,"column":47}}},"19":{"name":"(anonymous_20)","decl":{"start":{"line":102,"column":33},"end":{"line":102,"column":39}},"loc":{"start":{"line":102,"column":33},"end":{"line":102,"column":54}}},"20":{"name":"(anonymous_21)","decl":{"start":{"line":111,"column":33},"end":{"line":111,"column":39}},"loc":{"start":{"line":111,"column":33},"end":{"line":111,"column":54}}},"21":{"name":"(anonymous_22)","decl":{"start":{"line":116,"column":33},"end":{"line":116,"column":39}},"loc":{"start":{"line":116,"column":33},"end":{"line":116,"column":46}}},"22":{"name":"(anonymous_23)","decl":{"start":{"line":121,"column":31},"end":{"line":121,"column":32}},"loc":{"start":{"line":121,"column":43},"end":{"line":121,"column":null}}},"23":{"name":"(anonymous_24)","decl":{"start":{"line":123,"column":45},"end":{"line":123,"column":51}},"loc":{"start":{"line":123,"column":45},"end":{"line":123,"column":59}}},"24":{"name":"(anonymous_25)","decl":{"start":{"line":126,"column":40},"end":{"line":126,"column":46}},"loc":{"start":{"line":126,"column":40},"end":{"line":126,"column":56}}},"25":{"name":"(anonymous_26)","decl":{"start":{"line":136,"column":39},"end":{"line":136,"column":43}},"loc":{"start":{"line":136,"column":43},"end":{"line":136,"column":51}}},"26":{"name":"(anonymous_27)","decl":{"start":{"line":136,"column":78},"end":{"line":136,"column":79}},"loc":{"start":{"line":136,"column":90},"end":{"line":136,"column":null}}},"27":{"name":"(anonymous_28)","decl":{"start":{"line":139,"column":37},"end":{"line":139,"column":38}},"loc":{"start":{"line":139,"column":39},"end":{"line":142,"column":29}}},"28":{"name":"(anonymous_29)","decl":{"start":{"line":153,"column":39},"end":{"line":153,"column":43}},"loc":{"start":{"line":153,"column":43},"end":{"line":153,"column":51}}},"29":{"name":"(anonymous_30)","decl":{"start":{"line":153,"column":74},"end":{"line":153,"column":75}},"loc":{"start":{"line":153,"column":86},"end":{"line":153,"column":null}}},"30":{"name":"(anonymous_31)","decl":{"start":{"line":156,"column":37},"end":{"line":156,"column":38}},"loc":{"start":{"line":156,"column":39},"end":{"line":159,"column":29}}}},"branchMap":{"0":{"loc":{"start":{"line":32,"column":8},"end":{"line":35,"column":9}},"type":"if","locations":[{"start":{"line":32,"column":8},"end":{"line":35,"column":9}}]},"1":{"loc":{"start":{"line":36,"column":8},"end":{"line":39,"column":9}},"type":"if","locations":[{"start":{"line":36,"column":8},"end":{"line":39,"column":9}}]},"2":{"loc":{"start":{"line":40,"column":8},"end":{"line":43,"column":9}},"type":"if","locations":[{"start":{"line":40,"column":8},"end":{"line":43,"column":9}}]},"3":{"loc":{"start":{"line":63,"column":16},"end":{"line":66,"column":17}},"type":"if","locations":[{"start":{"line":63,"column":16},"end":{"line":66,"column":17}}]},"4":{"loc":{"start":{"line":73,"column":8},"end":{"line":76,"column":9}},"type":"if","locations":[{"start":{"line":73,"column":8},"end":{"line":76,"column":9}}]},"5":{"loc":{"start":{"line":100,"column":28},"end":{"line":100,"column":88}},"type":"cond-expr","locations":[{"start":{"line":100,"column":59},"end":{"line":100,"column":72}},{"start":{"line":100,"column":75},"end":{"line":100,"column":88}}]},"6":{"loc":{"start":{"line":109,"column":28},"end":{"line":109,"column":84}},"type":"cond-expr","locations":[{"start":{"line":109,"column":55},"end":{"line":109,"column":68}},{"start":{"line":109,"column":71},"end":{"line":109,"column":84}}]}},"s":{"0":0,"1":0,"2":0,"3":0,"4":0,"5":0,"6":0,"7":0,"8":0,"9":0,"10":0,"11":0,"12":0,"13":0,"14":0,"15":0,"16":0,"17":0,"18":0,"19":0,"20":0,"21":0,"22":0,"23":0,"24":0,"25":0,"26":0,"27":0,"28":0,"29":0,"30":0,"31":0,"32":0,"33":0,"34":0,"35":0,"36":0,"37":0,"38":0,"39":0,"40":0,"41":0,"42":0,"43":0,"44":0,"45":0,"46":0,"47":0,"48":0,"49":0,"50":0,"51":0,"52":0,"53":0,"54":0,"55":0,"56":0,"57":0,"58":0,"59":0,"60":0,"61":0,"62":0,"63":0,"64":0,"65":0,"66":0,"67":0,"68":0,"69":0,"70":0,"71":0,"72":0,"73":0,"74":0,"75":0,"76":0},"f":{"0":0,"1":0,"2":0,"3":0,"4":0,"5":0,"6":0,"7":0,"8":0,"9":0,"10":0,"11":0,"12":0,"13":0,"14":0,"15":0,"16":0,"17":0,"18":0,"19":0,"20":0,"21":0,"22":0,"23":0,"24":0,"25":0,"26":0,"27":0,"28":0,"29":0,"30":0},"b":{"0":[0],"1":[0],"2":[0],"3":[0],"4":[0],"5":[0,0],"6":[0,0]}}
,"C:\\Users\\sikha\\Desktop\\test-7\\frontend\\src\\pages\\GroupByDepartment.tsx": {"path":"C:\\Users\\sikha\\Desktop\\test-7\\frontend\\src\\pages\\GroupByDepartment.tsx","statementMap":{"0":{"start":{"line":1,"column":0},"end":{"line":1,"column":51}},"1":{"start":{"line":2,"column":0},"end":{"line":2,"column":39}},"2":{"start":{"line":25,"column":36},"end":{"line":120,"column":1}},"3":{"start":{"line":27,"column":28},"end":{"line":27,"column":62}},"4":{"start":{"line":27,"column":15},"end":{"line":27,"column":17}},"5":{"start":{"line":27,"column":24},"end":{"line":27,"column":28}},"6":{"start":{"line":29,"column":4},"end":{"line":62,"column":11}},"7":{"start":{"line":30,"column":28},"end":{"line":59,"column":10}},"8":{"start":{"line":31,"column":29},"end":{"line":31,"column":null}},"9":{"start":{"line":31,"column":18},"end":{"line":31,"column":null}},"10":{"start":{"line":32,"column":27},"end":{"line":32,"column":null}},"11":{"start":{"line":32,"column":18},"end":{"line":32,"column":null}},"12":{"start":{"line":33,"column":34},"end":{"line":33,"column":56}},"13":{"start":{"line":33,"column":18},"end":{"line":33,"column":null}},"14":{"start":{"line":35,"column":18},"end":{"line":56,"column":19}},"15":{"start":{"line":36,"column":39},"end":{"line":36,"column":52}},"16":{"start":{"line":37,"column":16},"end":{"line":39,"column":17}},"17":{"start":{"line":38,"column":20},"end":{"line":38,"column":118}},"18":{"start":{"line":41,"column":16},"end":{"line":41,"column":58}},"19":{"start":{"line":43,"column":16},"end":{"line":45,"column":17}},"20":{"start":{"line":44,"column":20},"end":{"line":44,"column":62}},"21":{"start":{"line":46,"column":16},"end":{"line":48,"column":17}},"22":{"start":{"line":47,"column":20},"end":{"line":47,"column":62}},"23":{"start":{"line":50,"column":16},"end":{"line":50,"column":121}},"24":{"start":{"line":52,"column":33},"end":{"line":52,"column":68}},"25":{"start":{"line":53,"column":16},"end":{"line":53,"column":88}},"26":{"start":{"line":55,"column":16},"end":{"line":55,"column":35}},"27":{"start":{"line":58,"column":12},"end":{"line":58,"column":33}},"28":{"start":{"line":61,"column":8},"end":{"line":61,"column":22}},"29":{"start":{"line":64,"column":4},"end":{"line":119,"column":6}},"30":{"start":{"line":74,"column":65},"end":{"line":74,"column":67}},"31":{"start":{"line":74,"column":74},"end":{"line":74,"column":75}},"32":{"start":{"line":74,"column":80},"end":{"line":103,"column":30}},"33":{"start":{"line":84,"column":89},"end":{"line":84,"column":91}},"34":{"start":{"line":84,"column":96},"end":{"line":84,"column":97}},"35":{"start":{"line":84,"column":102},"end":{"line":89,"column":50}},"36":{"start":{"line":94,"column":95},"end":{"line":94,"column":97}},"37":{"start":{"line":94,"column":103},"end":{"line":94,"column":104}},"38":{"start":{"line":94,"column":109},"end":{"line":96,"column":50}},"39":{"start":{"line":122,"column":0},"end":{"line":122,"column":33}}},"fnMap":{"0":{"name":"(anonymous_14)","decl":{"start":{"line":25,"column":36},"end":{"line":25,"column":null}},"loc":{"start":{"line":25,"column":36},"end":{"line":120,"column":1}}},"1":{"name":"(anonymous_15)","decl":{"start":{"line":29,"column":14},"end":{"line":29,"column":null}},"loc":{"start":{"line":29,"column":14},"end":{"line":62,"column":5}}},"2":{"name":"(anonymous_16)","decl":{"start":{"line":30,"column":28},"end":{"line":30,"column":null}},"loc":{"start":{"line":30,"column":28},"end":{"line":59,"column":10}}},"3":{"name":"(anonymous_19)","decl":{"start":{"line":35,"column":58},"end":{"line":35,"column":59}},"loc":{"start":{"line":35,"column":76},"end":{"line":56,"column":13}}},"4":{"name":"(anonymous_20)","decl":{"start":{"line":74,"column":53},"end":{"line":74,"column":54}},"loc":{"start":{"line":74,"column":75},"end":{"line":74,"column":null}}},"5":{"name":"(anonymous_21)","decl":{"start":{"line":84,"column":82},"end":{"line":84,"column":83}},"loc":{"start":{"line":84,"column":97},"end":{"line":84,"column":null}}},"6":{"name":"(anonymous_22)","decl":{"start":{"line":94,"column":89},"end":{"line":94,"column":90}},"loc":{"start":{"line":94,"column":104},"end":{"line":94,"column":null}}}},"branchMap":{"0":{"loc":{"start":{"line":31,"column":29},"end":{"line":31,"column":null}},"type":"switch","locations":[{"start":{"line":31,"column":29},"end":{"line":31,"column":null}}]},"1":{"loc":{"start":{"line":33,"column":34},"end":{"line":33,"column":58}},"type":"binary-expr","locations":[{"start":{"line":33,"column":34},"end":{"line":33,"column":40}},{"start":{"line":33,"column":56},"end":{"line":33,"column":58}}]},"2":{"loc":{"start":{"line":37,"column":16},"end":{"line":39,"column":17}},"type":"if","locations":[{"start":{"line":37,"column":16},"end":{"line":39,"column":17}}]},"3":{"loc":{"start":{"line":43,"column":16},"end":{"line":45,"column":17}},"type":"if","locations":[{"start":{"line":43,"column":16},"end":{"line":45,"column":17}}]},"4":{"loc":{"start":{"line":46,"column":16},"end":{"line":48,"column":17}},"type":"if","locations":[{"start":{"line":46,"column":16},"end":{"line":48,"column":17}}]},"5":{"loc":{"start":{"line":46,"column":20},"end":{"line":46,"column":101}},"type":"binary-expr","locations":[{"start":{"line":46,"column":20},"end":{"line":46,"column":61}},{"start":{"line":46,"column":65},"end":{"line":46,"column":101}}]},"6":{"loc":{"start":{"line":50,"column":65},"end":{"line":50,"column":115}},"type":"binary-expr","locations":[{"start":{"line":50,"column":65},"end":{"line":50,"column":110}},{"start":{"line":50,"column":114},"end":{"line":50,"column":115}}]},"7":{"loc":{"start":{"line":73,"column":25},"end":{"line":113,"column":null}},"type":"cond-expr","locations":[{"start":{"line":74,"column":28},"end":{"line":103,"column":30}},{"start":{"line":105,"column":28},"end":{"line":112,"column":null}}]},"8":{"loc":{"start":{"line":82,"column":76},"end":{"line":82,"column":137}},"type":"cond-expr","locations":[{"start":{"line":82,"column":112},"end":{"line":82,"column":132}},{"start":{"line":82,"column":135},"end":{"line":82,"column":137}}]}},"s":{"0":1,"1":1,"2":1,"3":1,"4":1,"5":1,"6":1,"7":2,"8":1,"9":1,"10":1,"11":1,"12":1,"13":1,"14":1,"15":0,"16":0,"17":0,"18":0,"19":0,"20":0,"21":0,"22":0,"23":0,"24":0,"25":0,"26":0,"27":1,"28":1,"29":1,"30":0,"31":0,"32":0,"33":0,"34":0,"35":0,"36":0,"37":0,"38":0,"39":1},"f":{"0":1,"1":1,"2":2,"3":0,"4":0,"5":0,"6":0},"b":{"0":[1],"1":[1,1],"2":[0],"3":[0],"4":[0],"5":[0,0],"6":[0,0],"7":[0,1],"8":[0,0]}}
}
