TN:
SF:src\App.tsx
FN:12,App
FN:32,(anonymous_3)
FN:41,(anonymous_4)
FN:51,(anonymous_5)
FN:52,(anonymous_6)
FN:56,(anonymous_7)
FN:58,(anonymous_8)
FN:61,(anonymous_9)
FN:62,(anonymous_10)
FN:63,(anonymous_11)
FN:64,(anonymous_12)
FN:64,(anonymous_13)
FN:72,(anonymous_14)
FN:79,(anonymous_15)
FN:80,(anonymous_16)
FN:80,(anonymous_17)
FN:81,(anonymous_18)
FN:81,(anonymous_19)
FNF:18
FNH:0
FNDA:0,App
FNDA:0,(anonymous_3)
FNDA:0,(anonymous_4)
FNDA:0,(anonymous_5)
FNDA:0,(anonymous_6)
FNDA:0,(anonymous_7)
FNDA:0,(anonymous_8)
FNDA:0,(anonymous_9)
FNDA:0,(anonymous_10)
FNDA:0,(anonymous_11)
FNDA:0,(anonymous_12)
FNDA:0,(anonymous_13)
FNDA:0,(anonymous_14)
FNDA:0,(anonymous_15)
FNDA:0,(anonymous_16)
FNDA:0,(anonymous_17)
FNDA:0,(anonymous_18)
FNDA:0,(anonymous_19)
DA:1,0
DA:2,0
DA:3,0
DA:4,0
DA:5,0
DA:6,0
DA:14,0
DA:28,0
DA:29,0
DA:30,0
DA:32,0
DA:33,0
DA:34,0
DA:35,0
DA:37,0
DA:38,0
DA:39,0
DA:41,0
DA:42,0
DA:43,0
DA:45,0
DA:46,0
DA:47,0
DA:48,0
DA:51,0
DA:52,0
DA:53,0
DA:56,0
DA:57,0
DA:58,0
DA:59,0
DA:61,0
DA:62,0
DA:63,0
DA:64,0
DA:65,0
DA:67,0
DA:72,0
DA:73,0
DA:74,0
DA:75,0
DA:79,0
DA:80,0
DA:81,0
DA:85,0
DA:103,0
LF:46
LH:0
BRDA:33,0,0,0
BRDA:37,1,0,0
BRDA:41,2,0,0
BRDA:63,3,0,0
BRDA:73,4,0,0
BRF:5
BRH:0
end_of_record
TN:
SF:src\components\Title.tsx
FN:7,(anonymous_0)
FNF:1
FNH:1
FNDA:1,(anonymous_0)
DA:7,1
DA:8,1
DA:16,1
LF:3
LH:3
BRF:0
BRH:0
end_of_record
TN:
SF:src\pages\AutoTodoList.tsx
FN:11,AutoTodoList
FN:31,(anonymous_2)
FN:40,(anonymous_3)
FN:51,(anonymous_4)
FN:52,(anonymous_5)
FN:56,(anonymous_6)
FN:58,(anonymous_7)
FN:61,(anonymous_8)
FN:62,(anonymous_9)
FN:63,(anonymous_10)
FN:64,(anonymous_11)
FN:64,(anonymous_12)
FN:72,(anonymous_13)
FN:79,(anonymous_14)
FN:80,(anonymous_15)
FN:80,(anonymous_16)
FN:81,(anonymous_17)
FN:81,(anonymous_18)
FN:94,(anonymous_19)
FN:102,(anonymous_20)
FN:111,(anonymous_21)
FN:116,(anonymous_22)
FN:121,(anonymous_23)
FN:123,(anonymous_24)
FN:126,(anonymous_25)
FN:136,(anonymous_26)
FN:136,(anonymous_27)
FN:139,(anonymous_28)
FN:153,(anonymous_29)
FN:153,(anonymous_30)
FN:156,(anonymous_31)
FNF:31
FNH:0
FNDA:0,AutoTodoList
FNDA:0,(anonymous_2)
FNDA:0,(anonymous_3)
FNDA:0,(anonymous_4)
FNDA:0,(anonymous_5)
FNDA:0,(anonymous_6)
FNDA:0,(anonymous_7)
FNDA:0,(anonymous_8)
FNDA:0,(anonymous_9)
FNDA:0,(anonymous_10)
FNDA:0,(anonymous_11)
FNDA:0,(anonymous_12)
FNDA:0,(anonymous_13)
FNDA:0,(anonymous_14)
FNDA:0,(anonymous_15)
FNDA:0,(anonymous_16)
FNDA:0,(anonymous_17)
FNDA:0,(anonymous_18)
FNDA:0,(anonymous_19)
FNDA:0,(anonymous_20)
FNDA:0,(anonymous_21)
FNDA:0,(anonymous_22)
FNDA:0,(anonymous_23)
FNDA:0,(anonymous_24)
FNDA:0,(anonymous_25)
FNDA:0,(anonymous_26)
FNDA:0,(anonymous_27)
FNDA:0,(anonymous_28)
FNDA:0,(anonymous_29)
FNDA:0,(anonymous_30)
FNDA:0,(anonymous_31)
DA:1,0
DA:2,0
DA:3,0
DA:4,0
DA:13,0
DA:27,0
DA:28,0
DA:29,0
DA:31,0
DA:32,0
DA:33,0
DA:34,0
DA:36,0
DA:37,0
DA:38,0
DA:40,0
DA:41,0
DA:42,0
DA:45,0
DA:46,0
DA:47,0
DA:48,0
DA:51,0
DA:52,0
DA:53,0
DA:56,0
DA:57,0
DA:58,0
DA:59,0
DA:61,0
DA:62,0
DA:63,0
DA:64,0
DA:65,0
DA:67,0
DA:72,0
DA:73,0
DA:74,0
DA:75,0
DA:79,0
DA:80,0
DA:81,0
DA:85,0
DA:94,0
DA:102,0
DA:111,0
DA:116,0
DA:121,0
DA:123,0
DA:126,0
DA:136,0
DA:140,0
DA:141,0
DA:153,0
DA:157,0
DA:158,0
DA:171,0
LF:57
LH:0
BRDA:32,0,0,0
BRDA:36,1,0,0
BRDA:40,2,0,0
BRDA:63,3,0,0
BRDA:73,4,0,0
BRDA:100,5,0,0
BRDA:100,5,1,0
BRDA:109,6,0,0
BRDA:109,6,1,0
BRF:9
BRH:0
end_of_record
TN:
SF:src\pages\GroupByDepartment.tsx
FN:25,(anonymous_14)
FN:29,(anonymous_15)
FN:30,(anonymous_16)
FN:35,(anonymous_19)
FN:74,(anonymous_20)
FN:84,(anonymous_21)
FN:94,(anonymous_22)
FNF:7
FNH:3
FNDA:1,(anonymous_14)
FNDA:1,(anonymous_15)
FNDA:2,(anonymous_16)
FNDA:0,(anonymous_19)
FNDA:0,(anonymous_20)
FNDA:0,(anonymous_21)
FNDA:0,(anonymous_22)
DA:1,1
DA:2,1
DA:25,1
DA:27,1
DA:29,1
DA:30,2
DA:31,1
DA:32,1
DA:33,1
DA:35,1
DA:36,0
DA:37,0
DA:38,0
DA:41,0
DA:43,0
DA:44,0
DA:46,0
DA:47,0
DA:50,0
DA:52,0
DA:53,0
DA:55,0
DA:58,1
DA:61,1
DA:64,1
DA:74,0
DA:84,0
DA:94,0
DA:122,1
LF:29
LH:14
BRDA:31,0,0,1
BRDA:33,1,0,1
BRDA:33,1,1,1
BRDA:37,2,0,0
BRDA:43,3,0,0
BRDA:46,4,0,0
BRDA:46,5,0,0
BRDA:46,5,1,0
BRDA:50,6,0,0
BRDA:50,6,1,0
BRDA:73,7,0,0
BRDA:73,7,1,1
BRDA:82,8,0,0
BRDA:82,8,1,0
BRF:14
BRH:4
end_of_record
